Configuring primitive-0.6.3.0...
Preprocessing library for primitive-0.6.3.0..
Building library for primitive-0.6.3.0..
[ 1 of 12] Compiling Control.Monad.Primitive ( Control/Monad/Primitive.hs, .stack-work/dist/x86_64-linux/Cabal-2.2.0.1/build/Control/Monad/Primitive.o )

[;1mControl/Monad/Primitive.hs:46:1: [;1m[35mwarning:[0m[0m[;1m [[;1m[35m-Wdeprecations[0m[0m[;1m][0m[0m[;1m
    Module ‘Control.Monad.Trans.List’ is deprecated:
      This transformer is invalid on most monads[0m[0m
[;1m[34m   |[0m[0m
[;1m[34m46 |[0m[0m [;1m[35mimport Control.Monad.Trans.List     ( ListT    )[0m[0m
[;1m[34m   |[0m[0m[;1m[35m ^^^^^^^^^^^^^^^^^^^^^^^^^^^^^^^^^^^^^^^^^^^^^^^^[0m[0m
[0m[0m[0m
[;1mControl/Monad/Primitive.hs:48:1: [;1m[35mwarning:[0m[0m[;1m [[;1m[35m-Wdeprecations[0m[0m[;1m][0m[0m[;1m
    Module ‘Control.Monad.Trans.Error’ is deprecated:
      Use Control.Monad.Trans.Except instead[0m[0m
[;1m[34m   |[0m[0m
[;1m[34m48 |[0m[0m [;1m[35mimport Control.Monad.Trans.Error    ( ErrorT, Error)[0m[0m
[;1m[34m   |[0m[0m[;1m[35m ^^^^^^^^^^^^^^^^^^^^^^^^^^^^^^^^^^^^^^^^^^^^^^^^^^^^[0m[0m
[0m[0m[0m
[;1mControl/Monad/Primitive.hs:111:36: [;1m[35mwarning:[0m[0m[;1m [[;1m[35m-Wdeprecations[0m[0m[;1m][0m[0m[;1m
    In the use of type constructor or class ‘ListT’
    (imported from Control.Monad.Trans.List):
    Deprecated: "This transformer is invalid on most monads"[0m[0m
[;1m[34m    |[0m[0m
[;1m[34m111 |[0m[0m instance PrimMonad m => PrimMonad ([;1m[35mListT[0m[0m m) where
[;1m[34m    |[0m[0m[;1m[35m                                    ^^^^^[0m[0m
[0m[0m[0m
[;1mControl/Monad/Primitive.hs:112:19: [;1m[35mwarning:[0m[0m[;1m [[;1m[35m-Wdeprecations[0m[0m[;1m][0m[0m[;1m
    In the use of type constructor or class ‘ListT’
    (imported from Control.Monad.Trans.List):
    Deprecated: "This transformer is invalid on most monads"[0m[0m
[;1m[34m    |[0m[0m
[;1m[34m112 |[0m[0m   type PrimState ([;1m[35mListT[0m[0m m) = PrimState m
[;1m[34m    |[0m[0m[;1m[35m                   ^^^^^[0m[0m
[0m[0m[0m
[;1mControl/Monad/Primitive.hs:119:11: [;1m[35mwarning:[0m[0m[;1m [[;1m[35m-Wdeprecations[0m[0m[;1m][0m[0m[;1m
    In the use of type constructor or class ‘Error’
    (imported from Control.Monad.Trans.Error):
    Deprecated: "Use Control.Monad.Trans.Except instead"[0m[0m
[;1m[34m    |[0m[0m
[;1m[34m119 |[0m[0m instance ([;1m[35mError[0m[0m e, PrimMonad m) => PrimMonad (ErrorT e m) where
[;1m[34m    |[0m[0m[;1m[35m           ^^^^^[0m[0m
[0m[0m[0m
[;1mControl/Monad/Primitive.hs:119:47: [;1m[35mwarning:[0m[0m[;1m [[;1m[35m-Wdeprecations[0m[0m[;1m][0m[0m[;1m
    In the use of type constructor or class ‘ErrorT’
    (imported from Control.Monad.Trans.Error):
    Deprecated: "Use Control.Monad.Trans.Except instead"[0m[0m
[;1m[34m    |[0m[0m
[;1m[34m119 |[0m[0m instance (Error e, PrimMonad m) => PrimMonad ([;1m[35mErrorT[0m[0m e m) where
[;1m[34m    |[0m[0m[;1m[35m                                               ^^^^^^[0m[0m
[0m[0m[0m
[;1mControl/Monad/Primitive.hs:120:19: [;1m[35mwarning:[0m[0m[;1m [[;1m[35m-Wdeprecations[0m[0m[;1m][0m[0m[;1m
    In the use of type constructor or class ‘ErrorT’
    (imported from Control.Monad.Trans.Error):
    Deprecated: "Use Control.Monad.Trans.Except instead"[0m[0m
[;1m[34m    |[0m[0m
[;1m[34m120 |[0m[0m   type PrimState ([;1m[35mErrorT[0m[0m e m) = PrimState m
[;1m[34m    |[0m[0m[;1m[35m                   ^^^^^^[0m[0m
[0m[0m[0m[ 2 of 12] Compiling Data.Primitive.Internal.Compat ( Data/Primitive/Internal/Compat.hs, .stack-work/dist/x86_64-linux/Cabal-2.2.0.1/build/Data/Primitive/Internal/Compat.o )
[ 3 of 12] Compiling Data.Primitive.Array ( Data/Primitive/Array.hs, .stack-work/dist/x86_64-linux/Cabal-2.2.0.1/build/Data/Primitive/Array.o )
[ 4 of 12] Compiling Data.Primitive.MachDeps ( Data/Primitive/MachDeps.hs, .stack-work/dist/x86_64-linux/Cabal-2.2.0.1/build/Data/Primitive/MachDeps.o )
[ 5 of 12] Compiling Data.Primitive.Internal.Operations ( Data/Primitive/Internal/Operations.hs, .stack-work/dist/x86_64-linux/Cabal-2.2.0.1/build/Data/Primitive/Internal/Operations.o )
[ 6 of 12] Compiling Data.Primitive.MutVar ( Data/Primitive/MutVar.hs, .stack-work/dist/x86_64-linux/Cabal-2.2.0.1/build/Data/Primitive/MutVar.o )
[ 7 of 12] Compiling Data.Primitive.SmallArray ( Data/Primitive/SmallArray.hs, .stack-work/dist/x86_64-linux/Cabal-2.2.0.1/build/Data/Primitive/SmallArray.o )

[;1mData/Primitive/SmallArray.hs:79:1: [;1m[35mwarning:[0m[0m[;1m [[;1m[35m-Wunused-imports[0m[0m[;1m][0m[0m[;1m
    The import of ‘Data.Monoid’ is redundant
      except perhaps to import instances from ‘Data.Monoid’
    To import instances alone, use: import Data.Monoid()[0m[0m
[;1m[34m   |[0m[0m
[;1m[34m79 |[0m[0m [;1m[35mimport Data.Monoid[0m[0m
[;1m[34m   |[0m[0m[;1m[35m ^^^^^^^^^^^^^^^^^^[0m[0m
[0m[0m[0m[ 8 of 12] Compiling Data.Primitive.Types ( Data/Primitive/Types.hs, .stack-work/dist/x86_64-linux/Cabal-2.2.0.1/build/Data/Primitive/Types.o )
[ 9 of 12] Compiling Data.Primitive.ByteArray ( Data/Primitive/ByteArray.hs, .stack-work/dist/x86_64-linux/Cabal-2.2.0.1/build/Data/Primitive/ByteArray.o )
[10 of 12] Compiling Data.Primitive.Addr ( Data/Primitive/Addr.hs, .stack-work/dist/x86_64-linux/Cabal-2.2.0.1/build/Data/Primitive/Addr.o )
[11 of 12] Compiling Data.Primitive   ( Data/Primitive.hs, .stack-work/dist/x86_64-linux/Cabal-2.2.0.1/build/Data/Primitive.o )
[12 of 12] Compiling Data.Primitive.UnliftedArray ( Data/Primitive/UnliftedArray.hs, .stack-work/dist/x86_64-linux/Cabal-2.2.0.1/build/Data/Primitive/UnliftedArray.o )
ignoring (possibly broken) abi-depends field for packages
Installing library in /home/atreyee/.stack/snapshots/x86_64-linux/lts-12.14/8.4.3/lib/x86_64-linux-ghc-8.4.3/primitive-0.6.3.0-DaZpcxwJp2TGn8ITSgfI4C
Registering library for primitive-0.6.3.0..
